<?xml version="1.0" encoding="UTF-8"?>
<testng-results ignored="0" total="2" passed="2" failed="0" skipped="0">
  <reporter-output>
  </reporter-output>
  <suite started-at="2022-02-16T00:33:53 PST" name="Default suite" finished-at="2022-02-16T00:34:24 PST" duration-ms="31339">
    <groups>
      <group name="cucumber">
        <method signature="AbstractTestNGCucumberTests.runScenario(io.cucumber.testng.PickleWrapper,io.cucumber.testng.FeatureWrapper)[pri:0, instance:Runner.TestRunner@194bcebf]" name="runScenario" class="io.cucumber.testng.AbstractTestNGCucumberTests"/>
      </group> <!-- cucumber -->
    </groups>
    <test started-at="2022-02-16T00:33:53 PST" name="Default test" finished-at="2022-02-16T00:34:24 PST" duration-ms="31339">
      <class name="Runner.TestRunner">
        <test-method is-config="true" signature="setUpClass(org.testng.ITestContext)[pri:0, instance:Runner.TestRunner@194bcebf]" started-at="2022-02-16T00:33:53 PST" name="setUpClass" finished-at="2022-02-16T00:33:53 PST" duration-ms="275" status="PASS">
          <params>
            <param index="0">
              <value>
                <![CDATA[org.testng.TestRunner@30ca0779]]>
              </value>
            </param>
          </params>
          <reporter-output>
          </reporter-output>
        </test-method> <!-- setUpClass -->
        <test-method signature="runScenario(io.cucumber.testng.PickleWrapper,io.cucumber.testng.FeatureWrapper)[pri:0, instance:Runner.TestRunner@194bcebf]" started-at="2022-02-16T00:33:53 PST" name="runScenario" description="Runs Cucumber Scenarios" data-provider="scenarios" finished-at="2022-02-16T00:34:15 PST" duration-ms="21941" status="PASS">
          <params>
            <param index="0">
              <value>
                <![CDATA["Login with valid UserName and Valid Password"]]>
              </value>
            </param>
            <param index="1">
              <value>
                <![CDATA["Optional[Login to SalesForse application  I want to use this template for my feature file]"]]>
              </value>
            </param>
          </params>
          <reporter-output>
          </reporter-output>
        </test-method> <!-- runScenario -->
        <test-method signature="runScenario(io.cucumber.testng.PickleWrapper,io.cucumber.testng.FeatureWrapper)[pri:0, instance:Runner.TestRunner@194bcebf]" started-at="2022-02-16T00:34:15 PST" name="runScenario" description="Runs Cucumber Scenarios" data-provider="scenarios" finished-at="2022-02-16T00:34:24 PST" duration-ms="9039" status="PASS">
          <params>
            <param index="0">
              <value>
                <![CDATA["Login with valid UserName and clear Password"]]>
              </value>
            </param>
            <param index="1">
              <value>
                <![CDATA["Optional[Login to SalesForse application  I want to use this template for my feature file]"]]>
              </value>
            </param>
          </params>
          <reporter-output>
          </reporter-output>
        </test-method> <!-- runScenario -->
        <test-method is-config="true" signature="tearDownClass()[pri:0, instance:Runner.TestRunner@194bcebf]" started-at="2022-02-16T00:34:24 PST" name="tearDownClass" finished-at="2022-02-16T00:34:24 PST" duration-ms="46" status="PASS">
          <reporter-output>
          </reporter-output>
        </test-method> <!-- tearDownClass -->
      </class> <!-- Runner.TestRunner -->
    </test> <!-- Default test -->
  </suite> <!-- Default suite -->
</testng-results>
